# JRE version: OpenJDK Runtime Environment Temurin-17.0.7+7 (17.0.7+7) (build 17.0.7+7)
# Java VM: OpenJDK 64-Bit Server VM Temurin-17.0.7+7 (17.0.7+7, mixed mode, tiered, compressed oops, compressed class ptrs, g1 gc, windows-amd64)
GC Precious Log:
 CPUs: 12 total, 12 available
 Memory: 16202M
 Large Page Support: Disabled
 NUMA Support: Disabled
 Compressed Oops: Enabled (32-bit)
 Heap Region Size: 1M
 Heap Min Capacity: 256M
 Heap Initial Capacity: 256M
 Heap Max Capacity: 1G
 Pre-touch: Disabled
 Parallel Workers: 10
 Concurrent Workers: 3
 Concurrent Refinement Workers: 10
 Periodic GC: Disabled
Heap:
 garbage-first heap   total 262144K, used 141206K [0x00000000c0000000, 0x0000000100000000)
  region size 1024K, 64 young (65536K), 17 survivors (17408K)
 Metaspace       used 41563K, committed 41856K, reserved 1114112K
  class space    used 4259K, committed 4416K, reserved 1048576K
GC Heap History (16 events):
Event: 1.187 GC heap before
{Heap before GC invocations=0 (full 0):
 garbage-first heap   total 262144K, used 25600K [0x00000000c0000000, 0x0000000100000000)
  region size 1024K, 23 young (23552K), 0 survivors (0K)
 Metaspace       used 16252K, committed 16448K, reserved 1114112K
  class space    used 1558K, committed 1664K, reserved 1048576K
}
Event: 1.194 GC heap after
{Heap after GC invocations=1 (full 0):
 garbage-first heap   total 262144K, used 11051K [0x00000000c0000000, 0x0000000100000000)
  region size 1024K, 3 young (3072K), 3 survivors (3072K)
 Metaspace       used 16252K, committed 16448K, reserved 1114112K
  class space    used 1558K, committed 1664K, reserved 1048576K
}
Event: 1.765 GC heap before
{Heap before GC invocations=1 (full 0):
 garbage-first heap   total 262144K, used 29483K [0x00000000c0000000, 0x0000000100000000)
  region size 1024K, 21 young (21504K), 3 survivors (3072K)
 Metaspace       used 21038K, committed 21248K, reserved 1114112K
  class space    used 2062K, committed 2176K, reserved 1048576K
}
Event: 1.771 GC heap after
{Heap after GC invocations=2 (full 0):
 garbage-first heap   total 262144K, used 13183K [0x00000000c0000000, 0x0000000100000000)
  region size 1024K, 2 young (2048K), 2 survivors (2048K)
 Metaspace       used 21038K, committed 21248K, reserved 1114112K
  class space    used 2062K, committed 2176K, reserved 1048576K
}
Event: 1.830 GC heap before
{Heap before GC invocations=2 (full 0):
 garbage-first heap   total 262144K, used 15231K [0x00000000c0000000, 0x0000000100000000)
  region size 1024K, 5 young (5120K), 2 survivors (2048K)
 Metaspace       used 21350K, committed 21504K, reserved 1114112K
  class space    used 2115K, committed 2176K, reserved 1048576K
}
Event: 1.833 GC heap after
{Heap after GC invocations=3 (full 0):
 garbage-first heap   total 262144K, used 13424K [0x00000000c0000000, 0x0000000100000000)
  region size 1024K, 3 young (3072K), 3 survivors (3072K)
 Metaspace       used 21350K, committed 21504K, reserved 1114112K
  class space    used 2115K, committed 2176K, reserved 1048576K
}
Event: 3.377 GC heap before
{Heap before GC invocations=4 (full 0):
 garbage-first heap   total 262144K, used 97392K [0x00000000c0000000, 0x0000000100000000)
  region size 1024K, 86 young (88064K), 3 survivors (3072K)
 Metaspace       used 30172K, committed 30400K, reserved 1114112K
  class space    used 3119K, committed 3200K, reserved 1048576K
}
Event: 3.396 GC heap after
{Heap after GC invocations=5 (full 0):
 garbage-first heap   total 262144K, used 31539K [0x00000000c0000000, 0x0000000100000000)
  region size 1024K, 11 young (11264K), 11 survivors (11264K)
 Metaspace       used 30172K, committed 30400K, reserved 1114112K
  class space    used 3119K, committed 3200K, reserved 1048576K
}
Event: 4.085 GC heap before
{Heap before GC invocations=5 (full 0):
 garbage-first heap   total 262144K, used 94003K [0x00000000c0000000, 0x0000000100000000)
  region size 1024K, 72 young (73728K), 11 survivors (11264K)
 Metaspace       used 33157K, committed 33408K, reserved 1114112K
  class space    used 3512K, committed 3648K, reserved 1048576K
}
Event: 4.106 GC heap after
{Heap after GC invocations=6 (full 0):
 garbage-first heap   total 262144K, used 45814K [0x00000000c0000000, 0x0000000100000000)
  region size 1024K, 9 young (9216K), 9 survivors (9216K)
 Metaspace       used 33157K, committed 33408K, reserved 1114112K
  class space    used 3512K, committed 3648K, reserved 1048576K
}
Event: 4.354 GC heap before
{Heap before GC invocations=6 (full 0):
 garbage-first heap   total 262144K, used 64246K [0x00000000c0000000, 0x0000000100000000)
  region size 1024K, 29 young (29696K), 9 survivors (9216K)
 Metaspace       used 35736K, committed 35968K, reserved 1114112K
  class space    used 3693K, committed 3776K, reserved 1048576K
}
Event: 4.363 GC heap after
{Heap after GC invocations=7 (full 0):
 garbage-first heap   total 262144K, used 48054K [0x00000000c0000000, 0x0000000100000000)
  region size 1024K, 2 young (2048K), 2 survivors (2048K)
 Metaspace       used 35736K, committed 35968K, reserved 1114112K
  class space    used 3693K, committed 3776K, reserved 1048576K
}
Event: 6.220 GC heap before
{Heap before GC invocations=8 (full 0):
 garbage-first heap   total 262144K, used 174006K [0x00000000c0000000, 0x0000000100000000)
  region size 1024K, 125 young (128000K), 2 survivors (2048K)
 Metaspace       used 38382K, committed 38656K, reserved 1114112K
  class space    used 3882K, committed 4032K, reserved 1048576K
}
Event: 6.240 GC heap after
{Heap after GC invocations=9 (full 0):
 garbage-first heap   total 262144K, used 62572K [0x00000000c0000000, 0x0000000100000000)
  region size 1024K, 16 young (16384K), 16 survivors (16384K)
 Metaspace       used 38382K, committed 38656K, reserved 1114112K
  class space    used 3882K, committed 4032K, reserved 1048576K
}
Event: 7.116 GC heap before
{Heap before GC invocations=9 (full 0):
 garbage-first heap   total 262144K, used 194668K [0x00000000c0000000, 0x0000000100000000)
  region size 1024K, 135 young (138240K), 16 survivors (16384K)
 Metaspace       used 39476K, committed 39744K, reserved 1114112K
  class space    used 4019K, committed 4160K, reserved 1048576K
}
Event: 7.146 GC heap after
{Heap after GC invocations=10 (full 0):
 garbage-first heap   total 262144K, used 93078K [0x00000000c0000000, 0x0000000100000000)
  region size 1024K, 17 young (17408K), 17 survivors (17408K)
 Metaspace       used 39476K, committed 39744K, reserved 1114112K
  class space    used 4019K, committed 4160K, reserved 1048576K
}

